[2025-08-24 15:22:01] SKIP folder siswa sudah ada: D:\Dani\coding\web\siat\backend\user_uploads/user_folder/siswa/5
[2025-08-24 15:22:01] SKIP folder siswa sudah ada: D:\Dani\coding\web\siat\backend\user_uploads/user_folder/siswa/6
[2025-08-24 15:22:01] SKIP folder siswa sudah ada: D:\Dani\coding\web\siat\backend\user_uploads/user_folder/siswa/7
[2025-08-24 15:22:01] SKIP folder guru sudah ada: D:\Dani\coding\web\siat\backend\user_uploads/user_folder/guru/1
[2025-08-24 15:22:01] SKIP folder guru sudah ada: D:\Dani\coding\web\siat\backend\user_uploads/user_folder/guru/2
[2025-08-24 15:22:01] SKIP folder operator sudah ada: D:\Dani\coding\web\siat\backend\user_uploads/user_folder/operator/1
[2025-08-24 15:22:01] SKIP folder operator sudah ada: D:\Dani\coding\web\siat\backend\user_uploads/user_folder/operator/2
[2025-08-24 15:22:01] SKIP folder operator sudah ada: D:\Dani\coding\web\siat\backend\user_uploads/user_folder/operator/3
[2025-08-24 15:22:01] === Sinkronisasi folder selesai ===
[2025-08-24 15:22:21] BUAT folder siswa: D:\Dani\coding\web\siat\backend\user_uploads/user_folder/siswa/5
[2025-08-24 15:22:21] BUAT folder siswa: D:\Dani\coding\web\siat\backend\user_uploads/user_folder/siswa/6
[2025-08-24 15:22:21] BUAT folder siswa: D:\Dani\coding\web\siat\backend\user_uploads/user_folder/siswa/7
[2025-08-24 15:22:21] BUAT folder guru: D:\Dani\coding\web\siat\backend\user_uploads/user_folder/guru/1
[2025-08-24 15:22:21] BUAT folder guru: D:\Dani\coding\web\siat\backend\user_uploads/user_folder/guru/2
[2025-08-24 15:22:21] BUAT folder operator: D:\Dani\coding\web\siat\backend\user_uploads/user_folder/operator/1
[2025-08-24 15:22:21] BUAT folder operator: D:\Dani\coding\web\siat\backend\user_uploads/user_folder/operator/2
[2025-08-24 15:22:21] BUAT folder operator: D:\Dani\coding\web\siat\backend\user_uploads/user_folder/operator/3
[2025-08-24 15:22:21] === Sinkronisasi folder selesai ===
[2025-08-25 02:36:09] SKIP folder siswa sudah ada: D:\Dani\coding\web\siat\backend\user_uploads/user_folder/siswa/5
[2025-08-25 02:36:09] SKIP folder siswa sudah ada: D:\Dani\coding\web\siat\backend\user_uploads/user_folder/siswa/6
[2025-08-25 02:36:09] SKIP folder siswa sudah ada: D:\Dani\coding\web\siat\backend\user_uploads/user_folder/siswa/7
[2025-08-25 02:36:09] SKIP folder guru sudah ada: D:\Dani\coding\web\siat\backend\user_uploads/user_folder/guru/1
[2025-08-25 02:36:09] SKIP folder guru sudah ada: D:\Dani\coding\web\siat\backend\user_uploads/user_folder/guru/2
[2025-08-25 02:36:09] SKIP folder operator sudah ada: D:\Dani\coding\web\siat\backend\user_uploads/user_folder/operator/1
[2025-08-25 02:36:09] SKIP folder operator sudah ada: D:\Dani\coding\web\siat\backend\user_uploads/user_folder/operator/2
[2025-08-25 02:36:09] SKIP folder operator sudah ada: D:\Dani\coding\web\siat\backend\user_uploads/user_folder/operator/3
[2025-08-25 02:36:09] === Sinkronisasi folder selesai ===
[2025-08-25 02:41:09] SKIP folder siswa sudah ada: D:\Dani\coding\web\siat\backend\user_uploads/user_folder/siswa/5
[2025-08-25 02:41:09] SKIP folder siswa sudah ada: D:\Dani\coding\web\siat\backend\user_uploads/user_folder/siswa/6
[2025-08-25 02:41:09] SKIP folder siswa sudah ada: D:\Dani\coding\web\siat\backend\user_uploads/user_folder/siswa/7
[2025-08-25 02:41:09] SKIP folder guru sudah ada: D:\Dani\coding\web\siat\backend\user_uploads/user_folder/guru/1
[2025-08-25 02:41:09] SKIP folder guru sudah ada: D:\Dani\coding\web\siat\backend\user_uploads/user_folder/guru/2
[2025-08-25 02:41:09] SKIP folder operator sudah ada: D:\Dani\coding\web\siat\backend\user_uploads/user_folder/operator/1
[2025-08-25 02:41:09] SKIP folder operator sudah ada: D:\Dani\coding\web\siat\backend\user_uploads/user_folder/operator/2
[2025-08-25 02:41:09] SKIP folder operator sudah ada: D:\Dani\coding\web\siat\backend\user_uploads/user_folder/operator/3
[2025-08-25 02:41:09] === Sinkronisasi folder selesai ===
[2025-08-25 04:23:53] SKIP folder siswa sudah ada: D:\Dani\coding\web\siat\backend\user_uploads/user_folder/siswa/5
[2025-08-25 04:23:53] SKIP folder siswa sudah ada: D:\Dani\coding\web\siat\backend\user_uploads/user_folder/siswa/6
[2025-08-25 04:23:53] SKIP folder siswa sudah ada: D:\Dani\coding\web\siat\backend\user_uploads/user_folder/siswa/7
[2025-08-25 04:23:53] SKIP folder guru sudah ada: D:\Dani\coding\web\siat\backend\user_uploads/user_folder/guru/1
[2025-08-25 04:23:53] SKIP folder guru sudah ada: D:\Dani\coding\web\siat\backend\user_uploads/user_folder/guru/2
[2025-08-25 04:23:53] SKIP folder operator sudah ada: D:\Dani\coding\web\siat\backend\user_uploads/user_folder/operator/1
[2025-08-25 04:23:53] SKIP folder operator sudah ada: D:\Dani\coding\web\siat\backend\user_uploads/user_folder/operator/2
[2025-08-25 04:23:53] SKIP folder operator sudah ada: D:\Dani\coding\web\siat\backend\user_uploads/user_folder/operator/3
[2025-08-25 04:23:53] === Sinkronisasi folder selesai ===
[2025-08-25 04:26:44] SKIP folder siswa sudah ada: D:\Dani\coding\web\siat\backend\user_uploads/user_folder/siswa/5
[2025-08-25 04:26:44] SKIP folder siswa sudah ada: D:\Dani\coding\web\siat\backend\user_uploads/user_folder/siswa/6
[2025-08-25 04:26:44] SKIP folder siswa sudah ada: D:\Dani\coding\web\siat\backend\user_uploads/user_folder/siswa/7
[2025-08-25 04:26:44] SKIP folder guru sudah ada: D:\Dani\coding\web\siat\backend\user_uploads/user_folder/guru/1
[2025-08-25 04:26:44] SKIP folder guru sudah ada: D:\Dani\coding\web\siat\backend\user_uploads/user_folder/guru/2
[2025-08-25 04:26:44] SKIP folder operator sudah ada: D:\Dani\coding\web\siat\backend\user_uploads/user_folder/operator/1
[2025-08-25 04:26:44] SKIP folder operator sudah ada: D:\Dani\coding\web\siat\backend\user_uploads/user_folder/operator/2
[2025-08-25 04:26:44] SKIP folder operator sudah ada: D:\Dani\coding\web\siat\backend\user_uploads/user_folder/operator/3
[2025-08-25 04:26:44] === Sinkronisasi folder selesai ===
[2025-08-25 05:27:18] SKIP folder siswa sudah ada: D:\Dani\coding\web\siat\backend\user_uploads/user_folder/siswa/5
[2025-08-25 05:27:18] SKIP folder siswa sudah ada: D:\Dani\coding\web\siat\backend\user_uploads/user_folder/siswa/6
[2025-08-25 05:27:18] SKIP folder siswa sudah ada: D:\Dani\coding\web\siat\backend\user_uploads/user_folder/siswa/7
[2025-08-25 05:27:18] SKIP folder guru sudah ada: D:\Dani\coding\web\siat\backend\user_uploads/user_folder/guru/1
[2025-08-25 05:27:18] SKIP folder guru sudah ada: D:\Dani\coding\web\siat\backend\user_uploads/user_folder/guru/2
[2025-08-25 05:27:18] SKIP folder operator sudah ada: D:\Dani\coding\web\siat\backend\user_uploads/user_folder/operator/1
[2025-08-25 05:27:18] SKIP folder operator sudah ada: D:\Dani\coding\web\siat\backend\user_uploads/user_folder/operator/2
[2025-08-25 05:27:18] SKIP folder operator sudah ada: D:\Dani\coding\web\siat\backend\user_uploads/user_folder/operator/3
[2025-08-25 05:27:18] === Sinkronisasi folder selesai ===
[2025-08-25 12:33:29] SKIP folder siswa sudah ada: D:\Dani\coding\web\siat\backend\user_uploads/user_folder/siswa/5
[2025-08-25 12:33:29] SKIP folder siswa sudah ada: D:\Dani\coding\web\siat\backend\user_uploads/user_folder/siswa/6
[2025-08-25 12:33:29] SKIP folder siswa sudah ada: D:\Dani\coding\web\siat\backend\user_uploads/user_folder/siswa/7
[2025-08-25 12:33:29] SKIP folder guru sudah ada: D:\Dani\coding\web\siat\backend\user_uploads/user_folder/guru/1
[2025-08-25 12:33:29] SKIP folder guru sudah ada: D:\Dani\coding\web\siat\backend\user_uploads/user_folder/guru/2
[2025-08-25 12:33:29] SKIP folder operator sudah ada: D:\Dani\coding\web\siat\backend\user_uploads/user_folder/operator/1
[2025-08-25 12:33:29] SKIP folder operator sudah ada: D:\Dani\coding\web\siat\backend\user_uploads/user_folder/operator/2
[2025-08-25 12:33:29] SKIP folder operator sudah ada: D:\Dani\coding\web\siat\backend\user_uploads/user_folder/operator/3
[2025-08-25 12:33:29] === Sinkronisasi folder selesai ===
[2025-08-25 12:33:59] SKIP folder siswa sudah ada: D:\Dani\coding\web\siat\backend\user_uploads/user_folder/siswa/5
[2025-08-25 12:33:59] SKIP folder siswa sudah ada: D:\Dani\coding\web\siat\backend\user_uploads/user_folder/siswa/6
[2025-08-25 12:33:59] SKIP folder siswa sudah ada: D:\Dani\coding\web\siat\backend\user_uploads/user_folder/siswa/7
[2025-08-25 12:33:59] SKIP folder guru sudah ada: D:\Dani\coding\web\siat\backend\user_uploads/user_folder/guru/1
[2025-08-25 12:33:59] SKIP folder guru sudah ada: D:\Dani\coding\web\siat\backend\user_uploads/user_folder/guru/2
[2025-08-25 12:33:59] SKIP folder operator sudah ada: D:\Dani\coding\web\siat\backend\user_uploads/user_folder/operator/1
[2025-08-25 12:33:59] SKIP folder operator sudah ada: D:\Dani\coding\web\siat\backend\user_uploads/user_folder/operator/2
[2025-08-25 12:33:59] SKIP folder operator sudah ada: D:\Dani\coding\web\siat\backend\user_uploads/user_folder/operator/3
[2025-08-25 12:33:59] === Sinkronisasi folder selesai ===
[2025-08-25 12:34:20] SKIP folder siswa sudah ada: D:\Dani\coding\web\siat\backend\user_uploads/user_folder/siswa/5
[2025-08-25 12:34:20] SKIP folder siswa sudah ada: D:\Dani\coding\web\siat\backend\user_uploads/user_folder/siswa/6
[2025-08-25 12:34:20] SKIP folder siswa sudah ada: D:\Dani\coding\web\siat\backend\user_uploads/user_folder/siswa/7
[2025-08-25 12:34:20] SKIP folder guru sudah ada: D:\Dani\coding\web\siat\backend\user_uploads/user_folder/guru/1
[2025-08-25 12:34:20] SKIP folder guru sudah ada: D:\Dani\coding\web\siat\backend\user_uploads/user_folder/guru/2
[2025-08-25 12:34:20] SKIP folder operator sudah ada: D:\Dani\coding\web\siat\backend\user_uploads/user_folder/operator/1
[2025-08-25 12:34:20] SKIP folder operator sudah ada: D:\Dani\coding\web\siat\backend\user_uploads/user_folder/operator/2
[2025-08-25 12:34:20] SKIP folder operator sudah ada: D:\Dani\coding\web\siat\backend\user_uploads/user_folder/operator/3
[2025-08-25 12:34:20] === Sinkronisasi folder selesai ===
[2025-08-25 12:35:06] SKIP folder siswa sudah ada: D:\Dani\coding\web\siat\backend\user_uploads/user_folder/siswa/5
[2025-08-25 12:35:06] SKIP folder siswa sudah ada: D:\Dani\coding\web\siat\backend\user_uploads/user_folder/siswa/6
[2025-08-25 12:35:06] SKIP folder siswa sudah ada: D:\Dani\coding\web\siat\backend\user_uploads/user_folder/siswa/7
[2025-08-25 12:35:06] SKIP folder guru sudah ada: D:\Dani\coding\web\siat\backend\user_uploads/user_folder/guru/1
[2025-08-25 12:35:06] SKIP folder guru sudah ada: D:\Dani\coding\web\siat\backend\user_uploads/user_folder/guru/2
[2025-08-25 12:35:06] SKIP folder operator sudah ada: D:\Dani\coding\web\siat\backend\user_uploads/user_folder/operator/1
[2025-08-25 12:35:06] SKIP folder operator sudah ada: D:\Dani\coding\web\siat\backend\user_uploads/user_folder/operator/2
[2025-08-25 12:35:06] SKIP folder operator sudah ada: D:\Dani\coding\web\siat\backend\user_uploads/user_folder/operator/3
[2025-08-25 12:35:06] === Sinkronisasi folder selesai ===
[2025-08-25 12:36:44] SKIP folder siswa sudah ada: D:\Dani\coding\web\siat\backend\user_uploads/user_folder/siswa/5
[2025-08-25 12:36:44] SKIP folder siswa sudah ada: D:\Dani\coding\web\siat\backend\user_uploads/user_folder/siswa/6
[2025-08-25 12:36:44] SKIP folder siswa sudah ada: D:\Dani\coding\web\siat\backend\user_uploads/user_folder/siswa/7
[2025-08-25 12:36:44] SKIP folder guru sudah ada: D:\Dani\coding\web\siat\backend\user_uploads/user_folder/guru/1
[2025-08-25 12:36:44] SKIP folder guru sudah ada: D:\Dani\coding\web\siat\backend\user_uploads/user_folder/guru/2
[2025-08-25 12:36:44] SKIP folder operator sudah ada: D:\Dani\coding\web\siat\backend\user_uploads/user_folder/operator/1
[2025-08-25 12:36:44] SKIP folder operator sudah ada: D:\Dani\coding\web\siat\backend\user_uploads/user_folder/operator/2
[2025-08-25 12:36:44] SKIP folder operator sudah ada: D:\Dani\coding\web\siat\backend\user_uploads/user_folder/operator/3
[2025-08-25 12:36:44] === Sinkronisasi folder selesai ===
[2025-08-25 13:18:30] SKIP folder siswa sudah ada: D:\Dani\coding\web\siat\backend\user_uploads/user_folder/siswa/5
[2025-08-25 13:18:30] SKIP folder siswa sudah ada: D:\Dani\coding\web\siat\backend\user_uploads/user_folder/siswa/6
[2025-08-25 13:18:30] SKIP folder siswa sudah ada: D:\Dani\coding\web\siat\backend\user_uploads/user_folder/siswa/7
[2025-08-25 13:18:30] SKIP folder guru sudah ada: D:\Dani\coding\web\siat\backend\user_uploads/user_folder/guru/1
[2025-08-25 13:18:30] SKIP folder guru sudah ada: D:\Dani\coding\web\siat\backend\user_uploads/user_folder/guru/2
[2025-08-25 13:18:30] SKIP folder operator sudah ada: D:\Dani\coding\web\siat\backend\user_uploads/user_folder/operator/1
[2025-08-25 13:18:30] SKIP folder operator sudah ada: D:\Dani\coding\web\siat\backend\user_uploads/user_folder/operator/2
[2025-08-25 13:18:30] SKIP folder operator sudah ada: D:\Dani\coding\web\siat\backend\user_uploads/user_folder/operator/3
[2025-08-25 13:18:30] === Sinkronisasi folder selesai ===
[2025-08-25 13:23:15] SKIP folder siswa sudah ada: D:\Dani\coding\web\siat\backend\user_uploads/user_folder/siswa/5
[2025-08-25 13:23:15] SKIP folder siswa sudah ada: D:\Dani\coding\web\siat\backend\user_uploads/user_folder/siswa/6
[2025-08-25 13:23:15] SKIP folder siswa sudah ada: D:\Dani\coding\web\siat\backend\user_uploads/user_folder/siswa/7
[2025-08-25 13:23:15] SKIP folder guru sudah ada: D:\Dani\coding\web\siat\backend\user_uploads/user_folder/guru/1
[2025-08-25 13:23:15] SKIP folder guru sudah ada: D:\Dani\coding\web\siat\backend\user_uploads/user_folder/guru/2
[2025-08-25 13:23:15] SKIP folder operator sudah ada: D:\Dani\coding\web\siat\backend\user_uploads/user_folder/operator/1
[2025-08-25 13:23:15] SKIP folder operator sudah ada: D:\Dani\coding\web\siat\backend\user_uploads/user_folder/operator/2
[2025-08-25 13:23:15] SKIP folder operator sudah ada: D:\Dani\coding\web\siat\backend\user_uploads/user_folder/operator/3
[2025-08-25 13:23:15] === Sinkronisasi folder selesai ===
[2025-08-25 13:23:58] SKIP folder siswa sudah ada: D:\Dani\coding\web\siat\backend\user_uploads/user_folder/siswa/5
[2025-08-25 13:23:58] SKIP folder siswa sudah ada: D:\Dani\coding\web\siat\backend\user_uploads/user_folder/siswa/6
[2025-08-25 13:23:58] SKIP folder siswa sudah ada: D:\Dani\coding\web\siat\backend\user_uploads/user_folder/siswa/7
[2025-08-25 13:23:58] SKIP folder guru sudah ada: D:\Dani\coding\web\siat\backend\user_uploads/user_folder/guru/1
[2025-08-25 13:23:58] SKIP folder guru sudah ada: D:\Dani\coding\web\siat\backend\user_uploads/user_folder/guru/2
[2025-08-25 13:23:58] SKIP folder operator sudah ada: D:\Dani\coding\web\siat\backend\user_uploads/user_folder/operator/1
[2025-08-25 13:23:58] SKIP folder operator sudah ada: D:\Dani\coding\web\siat\backend\user_uploads/user_folder/operator/2
[2025-08-25 13:23:58] SKIP folder operator sudah ada: D:\Dani\coding\web\siat\backend\user_uploads/user_folder/operator/3
[2025-08-25 13:23:58] === Sinkronisasi folder selesai ===
[2025-08-25 13:24:06] SKIP folder siswa sudah ada: D:\Dani\coding\web\siat\backend\user_uploads/user_folder/siswa/5
[2025-08-25 13:24:06] SKIP folder siswa sudah ada: D:\Dani\coding\web\siat\backend\user_uploads/user_folder/siswa/6
[2025-08-25 13:24:06] SKIP folder siswa sudah ada: D:\Dani\coding\web\siat\backend\user_uploads/user_folder/siswa/7
[2025-08-25 13:24:06] SKIP folder guru sudah ada: D:\Dani\coding\web\siat\backend\user_uploads/user_folder/guru/1
[2025-08-25 13:24:06] SKIP folder guru sudah ada: D:\Dani\coding\web\siat\backend\user_uploads/user_folder/guru/2
[2025-08-25 13:24:06] SKIP folder operator sudah ada: D:\Dani\coding\web\siat\backend\user_uploads/user_folder/operator/1
[2025-08-25 13:24:06] SKIP folder operator sudah ada: D:\Dani\coding\web\siat\backend\user_uploads/user_folder/operator/2
[2025-08-25 13:24:06] SKIP folder operator sudah ada: D:\Dani\coding\web\siat\backend\user_uploads/user_folder/operator/3
[2025-08-25 13:24:06] === Sinkronisasi folder selesai ===
[2025-08-25 13:29:32] SKIP folder siswa sudah ada: D:\Dani\coding\web\siat\backend\user_uploads/user_folder/siswa/5
[2025-08-25 13:29:32] SKIP folder siswa sudah ada: D:\Dani\coding\web\siat\backend\user_uploads/user_folder/siswa/6
[2025-08-25 13:29:32] SKIP folder siswa sudah ada: D:\Dani\coding\web\siat\backend\user_uploads/user_folder/siswa/7
[2025-08-25 13:29:32] SKIP folder guru sudah ada: D:\Dani\coding\web\siat\backend\user_uploads/user_folder/guru/1
[2025-08-25 13:29:32] SKIP folder guru sudah ada: D:\Dani\coding\web\siat\backend\user_uploads/user_folder/guru/2
[2025-08-25 13:29:32] SKIP folder operator sudah ada: D:\Dani\coding\web\siat\backend\user_uploads/user_folder/operator/1
[2025-08-25 13:29:32] SKIP folder operator sudah ada: D:\Dani\coding\web\siat\backend\user_uploads/user_folder/operator/2
[2025-08-25 13:29:32] SKIP folder operator sudah ada: D:\Dani\coding\web\siat\backend\user_uploads/user_folder/operator/3
[2025-08-25 13:29:32] === Sinkronisasi folder selesai ===
[2025-08-25 13:30:35] SKIP folder siswa sudah ada: D:\Dani\coding\web\siat\backend\user_uploads/user_folder/siswa/5
[2025-08-25 13:30:35] SKIP folder siswa sudah ada: D:\Dani\coding\web\siat\backend\user_uploads/user_folder/siswa/6
[2025-08-25 13:30:35] SKIP folder siswa sudah ada: D:\Dani\coding\web\siat\backend\user_uploads/user_folder/siswa/7
[2025-08-25 13:30:35] SKIP folder guru sudah ada: D:\Dani\coding\web\siat\backend\user_uploads/user_folder/guru/1
[2025-08-25 13:30:35] SKIP folder guru sudah ada: D:\Dani\coding\web\siat\backend\user_uploads/user_folder/guru/2
[2025-08-25 13:30:35] SKIP folder operator sudah ada: D:\Dani\coding\web\siat\backend\user_uploads/user_folder/operator/1
[2025-08-25 13:30:35] SKIP folder operator sudah ada: D:\Dani\coding\web\siat\backend\user_uploads/user_folder/operator/2
[2025-08-25 13:30:35] SKIP folder operator sudah ada: D:\Dani\coding\web\siat\backend\user_uploads/user_folder/operator/3
[2025-08-25 13:30:35] === Sinkronisasi folder selesai ===
[2025-08-25 14:11:49] SKIP folder siswa sudah ada: D:\Dani\coding\web\siat\backend\user_uploads/user_folder/siswa/5
[2025-08-25 14:11:49] SKIP folder siswa sudah ada: D:\Dani\coding\web\siat\backend\user_uploads/user_folder/siswa/6
[2025-08-25 14:11:49] SKIP folder siswa sudah ada: D:\Dani\coding\web\siat\backend\user_uploads/user_folder/siswa/7
[2025-08-25 14:11:49] SKIP folder guru sudah ada: D:\Dani\coding\web\siat\backend\user_uploads/user_folder/guru/1
[2025-08-25 14:11:49] SKIP folder guru sudah ada: D:\Dani\coding\web\siat\backend\user_uploads/user_folder/guru/2
[2025-08-25 14:11:49] SKIP folder operator sudah ada: D:\Dani\coding\web\siat\backend\user_uploads/user_folder/operator/1
[2025-08-25 14:11:49] SKIP folder operator sudah ada: D:\Dani\coding\web\siat\backend\user_uploads/user_folder/operator/2
[2025-08-25 14:11:49] SKIP folder operator sudah ada: D:\Dani\coding\web\siat\backend\user_uploads/user_folder/operator/3
[2025-08-25 14:11:49] === Sinkronisasi folder selesai ===
[2025-08-25 14:29:50] SKIP folder siswa sudah ada: D:\Dani\coding\web\siat\backend\user_uploads/user_folder/siswa/5
[2025-08-25 14:29:50] SKIP folder siswa sudah ada: D:\Dani\coding\web\siat\backend\user_uploads/user_folder/siswa/6
[2025-08-25 14:29:50] SKIP folder siswa sudah ada: D:\Dani\coding\web\siat\backend\user_uploads/user_folder/siswa/7
[2025-08-25 14:29:50] SKIP folder guru sudah ada: D:\Dani\coding\web\siat\backend\user_uploads/user_folder/guru/1
[2025-08-25 14:29:50] SKIP folder guru sudah ada: D:\Dani\coding\web\siat\backend\user_uploads/user_folder/guru/2
[2025-08-25 14:29:50] SKIP folder operator sudah ada: D:\Dani\coding\web\siat\backend\user_uploads/user_folder/operator/1
[2025-08-25 14:29:50] SKIP folder operator sudah ada: D:\Dani\coding\web\siat\backend\user_uploads/user_folder/operator/2
[2025-08-25 14:29:50] SKIP folder operator sudah ada: D:\Dani\coding\web\siat\backend\user_uploads/user_folder/operator/3
[2025-08-25 14:29:50] === Sinkronisasi folder selesai ===
[2025-08-25 14:59:52] SKIP folder siswa sudah ada: D:\Dani\coding\web\siat\backend\user_uploads/user_folder/siswa/5
[2025-08-25 14:59:52] SKIP folder siswa sudah ada: D:\Dani\coding\web\siat\backend\user_uploads/user_folder/siswa/6
[2025-08-25 14:59:52] SKIP folder siswa sudah ada: D:\Dani\coding\web\siat\backend\user_uploads/user_folder/siswa/7
[2025-08-25 14:59:52] SKIP folder guru sudah ada: D:\Dani\coding\web\siat\backend\user_uploads/user_folder/guru/1
[2025-08-25 14:59:52] SKIP folder guru sudah ada: D:\Dani\coding\web\siat\backend\user_uploads/user_folder/guru/2
[2025-08-25 14:59:52] SKIP folder operator sudah ada: D:\Dani\coding\web\siat\backend\user_uploads/user_folder/operator/1
[2025-08-25 14:59:52] SKIP folder operator sudah ada: D:\Dani\coding\web\siat\backend\user_uploads/user_folder/operator/2
[2025-08-25 14:59:52] SKIP folder operator sudah ada: D:\Dani\coding\web\siat\backend\user_uploads/user_folder/operator/3
[2025-08-25 14:59:52] === Sinkronisasi folder selesai ===
[2025-08-25 15:01:27] SKIP folder siswa sudah ada: D:\Dani\coding\web\siat\backend\user_uploads/user_folder/siswa/5
[2025-08-25 15:01:27] SKIP folder siswa sudah ada: D:\Dani\coding\web\siat\backend\user_uploads/user_folder/siswa/6
[2025-08-25 15:01:27] SKIP folder siswa sudah ada: D:\Dani\coding\web\siat\backend\user_uploads/user_folder/siswa/7
[2025-08-25 15:01:27] SKIP folder guru sudah ada: D:\Dani\coding\web\siat\backend\user_uploads/user_folder/guru/1
[2025-08-25 15:01:27] SKIP folder guru sudah ada: D:\Dani\coding\web\siat\backend\user_uploads/user_folder/guru/2
[2025-08-25 15:01:27] SKIP folder operator sudah ada: D:\Dani\coding\web\siat\backend\user_uploads/user_folder/operator/1
[2025-08-25 15:01:27] SKIP folder operator sudah ada: D:\Dani\coding\web\siat\backend\user_uploads/user_folder/operator/2
[2025-08-25 15:01:27] SKIP folder operator sudah ada: D:\Dani\coding\web\siat\backend\user_uploads/user_folder/operator/3
[2025-08-25 15:01:27] === Sinkronisasi folder selesai ===
[2025-08-25 15:10:04] SKIP folder siswa sudah ada: D:\Dani\coding\web\siat\backend\user_uploads/user_folder/siswa/5
[2025-08-25 15:10:04] SKIP folder siswa sudah ada: D:\Dani\coding\web\siat\backend\user_uploads/user_folder/siswa/6
[2025-08-25 15:10:04] SKIP folder siswa sudah ada: D:\Dani\coding\web\siat\backend\user_uploads/user_folder/siswa/7
[2025-08-25 15:10:04] SKIP folder guru sudah ada: D:\Dani\coding\web\siat\backend\user_uploads/user_folder/guru/1
[2025-08-25 15:10:04] SKIP folder guru sudah ada: D:\Dani\coding\web\siat\backend\user_uploads/user_folder/guru/2
[2025-08-25 15:10:04] SKIP folder operator sudah ada: D:\Dani\coding\web\siat\backend\user_uploads/user_folder/operator/1
[2025-08-25 15:10:04] SKIP folder operator sudah ada: D:\Dani\coding\web\siat\backend\user_uploads/user_folder/operator/2
[2025-08-25 15:10:04] SKIP folder operator sudah ada: D:\Dani\coding\web\siat\backend\user_uploads/user_folder/operator/3
[2025-08-25 15:10:04] === Sinkronisasi folder selesai ===
[2025-08-25 15:20:16] SKIP folder siswa sudah ada: D:\Dani\coding\web\siat\backend\user_uploads/user_folder/siswa/5
[2025-08-25 15:20:16] SKIP folder siswa sudah ada: D:\Dani\coding\web\siat\backend\user_uploads/user_folder/siswa/6
[2025-08-25 15:20:16] SKIP folder siswa sudah ada: D:\Dani\coding\web\siat\backend\user_uploads/user_folder/siswa/7
[2025-08-25 15:20:16] SKIP folder guru sudah ada: D:\Dani\coding\web\siat\backend\user_uploads/user_folder/guru/1
[2025-08-25 15:20:16] SKIP folder guru sudah ada: D:\Dani\coding\web\siat\backend\user_uploads/user_folder/guru/2
[2025-08-25 15:20:16] SKIP folder operator sudah ada: D:\Dani\coding\web\siat\backend\user_uploads/user_folder/operator/1
[2025-08-25 15:20:16] SKIP folder operator sudah ada: D:\Dani\coding\web\siat\backend\user_uploads/user_folder/operator/2
[2025-08-25 15:20:16] SKIP folder operator sudah ada: D:\Dani\coding\web\siat\backend\user_uploads/user_folder/operator/3
[2025-08-25 15:20:16] === Sinkronisasi folder selesai ===
[2025-08-26 06:12:29] SKIP folder siswa sudah ada: D:\Dani\coding\web\siat\backend\user_uploads/user_folder/siswa/5
[2025-08-26 06:12:29] SKIP folder siswa sudah ada: D:\Dani\coding\web\siat\backend\user_uploads/user_folder/siswa/6
[2025-08-26 06:12:29] SKIP folder siswa sudah ada: D:\Dani\coding\web\siat\backend\user_uploads/user_folder/siswa/7
[2025-08-26 06:12:29] SKIP folder guru sudah ada: D:\Dani\coding\web\siat\backend\user_uploads/user_folder/guru/1
[2025-08-26 06:12:29] SKIP folder guru sudah ada: D:\Dani\coding\web\siat\backend\user_uploads/user_folder/guru/2
[2025-08-26 06:12:29] SKIP folder operator sudah ada: D:\Dani\coding\web\siat\backend\user_uploads/user_folder/operator/1
[2025-08-26 06:12:29] SKIP folder operator sudah ada: D:\Dani\coding\web\siat\backend\user_uploads/user_folder/operator/2
[2025-08-26 06:12:29] SKIP folder operator sudah ada: D:\Dani\coding\web\siat\backend\user_uploads/user_folder/operator/3
[2025-08-26 06:12:29] === Sinkronisasi folder selesai ===
[2025-08-26 06:25:18] SKIP folder siswa sudah ada: D:\Dani\coding\web\siat\backend\user_uploads/user_folder/siswa/5
[2025-08-26 06:25:18] SKIP folder siswa sudah ada: D:\Dani\coding\web\siat\backend\user_uploads/user_folder/siswa/6
[2025-08-26 06:25:18] SKIP folder siswa sudah ada: D:\Dani\coding\web\siat\backend\user_uploads/user_folder/siswa/7
[2025-08-26 06:25:18] SKIP folder guru sudah ada: D:\Dani\coding\web\siat\backend\user_uploads/user_folder/guru/1
[2025-08-26 06:25:18] SKIP folder guru sudah ada: D:\Dani\coding\web\siat\backend\user_uploads/user_folder/guru/2
[2025-08-26 06:25:18] SKIP folder operator sudah ada: D:\Dani\coding\web\siat\backend\user_uploads/user_folder/operator/1
[2025-08-26 06:25:18] SKIP folder operator sudah ada: D:\Dani\coding\web\siat\backend\user_uploads/user_folder/operator/2
[2025-08-26 06:25:18] SKIP folder operator sudah ada: D:\Dani\coding\web\siat\backend\user_uploads/user_folder/operator/3
[2025-08-26 06:25:18] === Sinkronisasi folder selesai ===
[2025-08-26 16:03:15] SKIP folder siswa sudah ada: D:\Dani\coding\web\siat\backend\user_uploads/user_folder/siswa/5
[2025-08-26 16:03:15] SKIP folder siswa sudah ada: D:\Dani\coding\web\siat\backend\user_uploads/user_folder/siswa/6
[2025-08-26 16:03:15] SKIP folder siswa sudah ada: D:\Dani\coding\web\siat\backend\user_uploads/user_folder/siswa/7
[2025-08-26 16:03:15] SKIP folder guru sudah ada: D:\Dani\coding\web\siat\backend\user_uploads/user_folder/guru/1
[2025-08-26 16:03:15] SKIP folder guru sudah ada: D:\Dani\coding\web\siat\backend\user_uploads/user_folder/guru/2
[2025-08-26 16:03:15] SKIP folder operator sudah ada: D:\Dani\coding\web\siat\backend\user_uploads/user_folder/operator/1
[2025-08-26 16:03:15] SKIP folder operator sudah ada: D:\Dani\coding\web\siat\backend\user_uploads/user_folder/operator/2
[2025-08-26 16:03:15] SKIP folder operator sudah ada: D:\Dani\coding\web\siat\backend\user_uploads/user_folder/operator/3
[2025-08-26 16:03:15] === Sinkronisasi folder selesai ===
[2025-08-26 16:35:19] SKIP folder siswa sudah ada: D:\Dani\coding\web\siat\backend\user_uploads/user_folder/siswa/5
[2025-08-26 16:35:19] SKIP folder siswa sudah ada: D:\Dani\coding\web\siat\backend\user_uploads/user_folder/siswa/6
[2025-08-26 16:35:19] SKIP folder siswa sudah ada: D:\Dani\coding\web\siat\backend\user_uploads/user_folder/siswa/7
[2025-08-26 16:35:19] SKIP folder guru sudah ada: D:\Dani\coding\web\siat\backend\user_uploads/user_folder/guru/1
[2025-08-26 16:35:19] SKIP folder guru sudah ada: D:\Dani\coding\web\siat\backend\user_uploads/user_folder/guru/2
[2025-08-26 16:35:19] SKIP folder operator sudah ada: D:\Dani\coding\web\siat\backend\user_uploads/user_folder/operator/1
[2025-08-26 16:35:19] SKIP folder operator sudah ada: D:\Dani\coding\web\siat\backend\user_uploads/user_folder/operator/2
[2025-08-26 16:35:19] SKIP folder operator sudah ada: D:\Dani\coding\web\siat\backend\user_uploads/user_folder/operator/3
[2025-08-26 16:35:19] === Sinkronisasi folder selesai ===
[2025-08-26 17:23:52] SKIP folder siswa sudah ada: D:\Dani\coding\web\siat\backend\user_uploads/user_folder/siswa/5
[2025-08-26 17:23:52] SKIP folder siswa sudah ada: D:\Dani\coding\web\siat\backend\user_uploads/user_folder/siswa/6
[2025-08-26 17:23:52] SKIP folder siswa sudah ada: D:\Dani\coding\web\siat\backend\user_uploads/user_folder/siswa/7
[2025-08-26 17:23:52] SKIP folder guru sudah ada: D:\Dani\coding\web\siat\backend\user_uploads/user_folder/guru/1
[2025-08-26 17:23:52] SKIP folder guru sudah ada: D:\Dani\coding\web\siat\backend\user_uploads/user_folder/guru/2
[2025-08-26 17:23:52] SKIP folder operator sudah ada: D:\Dani\coding\web\siat\backend\user_uploads/user_folder/operator/1
[2025-08-26 17:23:52] SKIP folder operator sudah ada: D:\Dani\coding\web\siat\backend\user_uploads/user_folder/operator/2
[2025-08-26 17:23:52] SKIP folder operator sudah ada: D:\Dani\coding\web\siat\backend\user_uploads/user_folder/operator/3
[2025-08-26 17:23:52] === Sinkronisasi folder selesai ===
[2025-08-27 10:10:24] BUAT folder siswa: C:\Dani(titip)\siat\backend\user_uploads/user_folder/siswa/5
[2025-08-27 10:10:24] BUAT folder siswa: C:\Dani(titip)\siat\backend\user_uploads/user_folder/siswa/6
[2025-08-27 10:10:24] BUAT folder siswa: C:\Dani(titip)\siat\backend\user_uploads/user_folder/siswa/7
[2025-08-27 10:10:24] BUAT folder guru: C:\Dani(titip)\siat\backend\user_uploads/user_folder/guru/1
[2025-08-27 10:10:24] BUAT folder guru: C:\Dani(titip)\siat\backend\user_uploads/user_folder/guru/2
[2025-08-27 10:10:24] BUAT folder operator: C:\Dani(titip)\siat\backend\user_uploads/user_folder/operator/1
[2025-08-27 10:10:24] BUAT folder operator: C:\Dani(titip)\siat\backend\user_uploads/user_folder/operator/2
[2025-08-27 10:10:24] BUAT folder operator: C:\Dani(titip)\siat\backend\user_uploads/user_folder/operator/3
[2025-08-27 10:10:24] === Sinkronisasi folder selesai ===
[2025-08-27 10:12:24] SKIP folder siswa sudah ada: C:\Dani(titip)\siat\backend\user_uploads/user_folder/siswa/5
[2025-08-27 10:12:24] SKIP folder siswa sudah ada: C:\Dani(titip)\siat\backend\user_uploads/user_folder/siswa/6
[2025-08-27 10:12:24] SKIP folder siswa sudah ada: C:\Dani(titip)\siat\backend\user_uploads/user_folder/siswa/7
[2025-08-27 10:12:24] SKIP folder guru sudah ada: C:\Dani(titip)\siat\backend\user_uploads/user_folder/guru/1
[2025-08-27 10:12:24] SKIP folder guru sudah ada: C:\Dani(titip)\siat\backend\user_uploads/user_folder/guru/2
[2025-08-27 10:12:24] SKIP folder operator sudah ada: C:\Dani(titip)\siat\backend\user_uploads/user_folder/operator/1
[2025-08-27 10:12:24] SKIP folder operator sudah ada: C:\Dani(titip)\siat\backend\user_uploads/user_folder/operator/2
[2025-08-27 10:12:24] SKIP folder operator sudah ada: C:\Dani(titip)\siat\backend\user_uploads/user_folder/operator/3
[2025-08-27 10:12:24] === Sinkronisasi folder selesai ===
[2025-08-27 10:20:07] SKIP folder siswa sudah ada: C:\Dani(titip)\siat\backend\user_uploads/user_folder/siswa/5
[2025-08-27 10:20:07] SKIP folder siswa sudah ada: C:\Dani(titip)\siat\backend\user_uploads/user_folder/siswa/6
[2025-08-27 10:20:07] SKIP folder siswa sudah ada: C:\Dani(titip)\siat\backend\user_uploads/user_folder/siswa/7
[2025-08-27 10:20:07] SKIP folder guru sudah ada: C:\Dani(titip)\siat\backend\user_uploads/user_folder/guru/1
[2025-08-27 10:20:07] SKIP folder guru sudah ada: C:\Dani(titip)\siat\backend\user_uploads/user_folder/guru/2
[2025-08-27 10:20:07] SKIP folder operator sudah ada: C:\Dani(titip)\siat\backend\user_uploads/user_folder/operator/1
[2025-08-27 10:20:07] SKIP folder operator sudah ada: C:\Dani(titip)\siat\backend\user_uploads/user_folder/operator/2
[2025-08-27 10:20:07] SKIP folder operator sudah ada: C:\Dani(titip)\siat\backend\user_uploads/user_folder/operator/3
[2025-08-27 10:20:07] === Sinkronisasi folder selesai ===
[2025-08-28 02:39:07] SKIP folder siswa sudah ada: C:\Dani(titip)\siat\backend\user_uploads/user_folder/siswa/5
[2025-08-28 02:39:07] SKIP folder siswa sudah ada: C:\Dani(titip)\siat\backend\user_uploads/user_folder/siswa/6
[2025-08-28 02:39:07] SKIP folder siswa sudah ada: C:\Dani(titip)\siat\backend\user_uploads/user_folder/siswa/7
[2025-08-28 02:39:07] SKIP folder guru sudah ada: C:\Dani(titip)\siat\backend\user_uploads/user_folder/guru/1
[2025-08-28 02:39:07] SKIP folder guru sudah ada: C:\Dani(titip)\siat\backend\user_uploads/user_folder/guru/2
[2025-08-28 02:39:07] SKIP folder operator sudah ada: C:\Dani(titip)\siat\backend\user_uploads/user_folder/operator/1
[2025-08-28 02:39:07] SKIP folder operator sudah ada: C:\Dani(titip)\siat\backend\user_uploads/user_folder/operator/2
[2025-08-28 02:39:07] SKIP folder operator sudah ada: C:\Dani(titip)\siat\backend\user_uploads/user_folder/operator/3
[2025-08-28 02:39:07] === Sinkronisasi folder selesai ===
[2025-08-28 02:54:57] SKIP folder siswa sudah ada: C:\Dani(titip)\siat\backend\user_uploads/user_folder/siswa/5
[2025-08-28 02:54:57] SKIP folder siswa sudah ada: C:\Dani(titip)\siat\backend\user_uploads/user_folder/siswa/6
[2025-08-28 02:54:57] SKIP folder siswa sudah ada: C:\Dani(titip)\siat\backend\user_uploads/user_folder/siswa/7
[2025-08-28 02:54:57] SKIP folder guru sudah ada: C:\Dani(titip)\siat\backend\user_uploads/user_folder/guru/1
[2025-08-28 02:54:57] SKIP folder guru sudah ada: C:\Dani(titip)\siat\backend\user_uploads/user_folder/guru/2
[2025-08-28 02:54:57] SKIP folder operator sudah ada: C:\Dani(titip)\siat\backend\user_uploads/user_folder/operator/1
[2025-08-28 02:54:57] SKIP folder operator sudah ada: C:\Dani(titip)\siat\backend\user_uploads/user_folder/operator/2
[2025-08-28 02:54:57] SKIP folder operator sudah ada: C:\Dani(titip)\siat\backend\user_uploads/user_folder/operator/3
[2025-08-28 02:54:57] === Sinkronisasi folder selesai ===
[2025-08-28 02:56:47] SKIP folder siswa sudah ada: C:\Dani(titip)\siat\backend\user_uploads/user_folder/siswa/5
[2025-08-28 02:56:47] SKIP folder siswa sudah ada: C:\Dani(titip)\siat\backend\user_uploads/user_folder/siswa/6
[2025-08-28 02:56:47] SKIP folder siswa sudah ada: C:\Dani(titip)\siat\backend\user_uploads/user_folder/siswa/7
[2025-08-28 02:56:47] SKIP folder guru sudah ada: C:\Dani(titip)\siat\backend\user_uploads/user_folder/guru/1
[2025-08-28 02:56:47] SKIP folder guru sudah ada: C:\Dani(titip)\siat\backend\user_uploads/user_folder/guru/2
[2025-08-28 02:56:47] SKIP folder operator sudah ada: C:\Dani(titip)\siat\backend\user_uploads/user_folder/operator/1
[2025-08-28 02:56:47] SKIP folder operator sudah ada: C:\Dani(titip)\siat\backend\user_uploads/user_folder/operator/2
[2025-08-28 02:56:47] SKIP folder operator sudah ada: C:\Dani(titip)\siat\backend\user_uploads/user_folder/operator/3
[2025-08-28 02:56:47] === Sinkronisasi folder selesai ===
[2025-08-28 02:58:24] SKIP folder siswa sudah ada: C:\Dani(titip)\siat\backend\user_uploads/user_folder/siswa/5
[2025-08-28 02:58:24] SKIP folder siswa sudah ada: C:\Dani(titip)\siat\backend\user_uploads/user_folder/siswa/6
[2025-08-28 02:58:24] SKIP folder siswa sudah ada: C:\Dani(titip)\siat\backend\user_uploads/user_folder/siswa/7
[2025-08-28 02:58:24] SKIP folder guru sudah ada: C:\Dani(titip)\siat\backend\user_uploads/user_folder/guru/1
[2025-08-28 02:58:24] SKIP folder guru sudah ada: C:\Dani(titip)\siat\backend\user_uploads/user_folder/guru/2
[2025-08-28 02:58:24] SKIP folder operator sudah ada: C:\Dani(titip)\siat\backend\user_uploads/user_folder/operator/1
[2025-08-28 02:58:24] SKIP folder operator sudah ada: C:\Dani(titip)\siat\backend\user_uploads/user_folder/operator/2
[2025-08-28 02:58:24] SKIP folder operator sudah ada: C:\Dani(titip)\siat\backend\user_uploads/user_folder/operator/3
[2025-08-28 02:58:24] === Sinkronisasi folder selesai ===
[2025-08-28 02:59:02] SKIP folder siswa sudah ada: C:\Dani(titip)\siat\backend\user_uploads/user_folder/siswa/5
[2025-08-28 02:59:02] SKIP folder siswa sudah ada: C:\Dani(titip)\siat\backend\user_uploads/user_folder/siswa/6
[2025-08-28 02:59:02] SKIP folder siswa sudah ada: C:\Dani(titip)\siat\backend\user_uploads/user_folder/siswa/7
[2025-08-28 02:59:02] SKIP folder guru sudah ada: C:\Dani(titip)\siat\backend\user_uploads/user_folder/guru/1
[2025-08-28 02:59:02] SKIP folder guru sudah ada: C:\Dani(titip)\siat\backend\user_uploads/user_folder/guru/2
[2025-08-28 02:59:02] SKIP folder operator sudah ada: C:\Dani(titip)\siat\backend\user_uploads/user_folder/operator/1
[2025-08-28 02:59:02] SKIP folder operator sudah ada: C:\Dani(titip)\siat\backend\user_uploads/user_folder/operator/2
[2025-08-28 02:59:02] SKIP folder operator sudah ada: C:\Dani(titip)\siat\backend\user_uploads/user_folder/operator/3
[2025-08-28 02:59:02] === Sinkronisasi folder selesai ===
[2025-08-28 03:15:18] SKIP folder siswa sudah ada: C:\Dani(titip)\siat\backend\user_uploads/user_folder/siswa/5
[2025-08-28 03:15:18] SKIP folder siswa sudah ada: C:\Dani(titip)\siat\backend\user_uploads/user_folder/siswa/6
[2025-08-28 03:15:18] SKIP folder siswa sudah ada: C:\Dani(titip)\siat\backend\user_uploads/user_folder/siswa/7
[2025-08-28 03:15:18] SKIP folder guru sudah ada: C:\Dani(titip)\siat\backend\user_uploads/user_folder/guru/1
[2025-08-28 03:15:18] SKIP folder guru sudah ada: C:\Dani(titip)\siat\backend\user_uploads/user_folder/guru/2
[2025-08-28 03:15:18] SKIP folder operator sudah ada: C:\Dani(titip)\siat\backend\user_uploads/user_folder/operator/1
[2025-08-28 03:15:18] SKIP folder operator sudah ada: C:\Dani(titip)\siat\backend\user_uploads/user_folder/operator/2
[2025-08-28 03:15:18] SKIP folder operator sudah ada: C:\Dani(titip)\siat\backend\user_uploads/user_folder/operator/3
[2025-08-28 03:15:18] === Sinkronisasi folder selesai ===
[2025-08-28 03:17:12] SKIP folder siswa sudah ada: C:\Dani(titip)\siat\backend\user_uploads/user_folder/siswa/5
[2025-08-28 03:17:12] SKIP folder siswa sudah ada: C:\Dani(titip)\siat\backend\user_uploads/user_folder/siswa/6
[2025-08-28 03:17:12] SKIP folder siswa sudah ada: C:\Dani(titip)\siat\backend\user_uploads/user_folder/siswa/7
[2025-08-28 03:17:12] SKIP folder guru sudah ada: C:\Dani(titip)\siat\backend\user_uploads/user_folder/guru/1
[2025-08-28 03:17:12] SKIP folder guru sudah ada: C:\Dani(titip)\siat\backend\user_uploads/user_folder/guru/2
[2025-08-28 03:17:12] SKIP folder operator sudah ada: C:\Dani(titip)\siat\backend\user_uploads/user_folder/operator/1
[2025-08-28 03:17:12] SKIP folder operator sudah ada: C:\Dani(titip)\siat\backend\user_uploads/user_folder/operator/2
[2025-08-28 03:17:12] SKIP folder operator sudah ada: C:\Dani(titip)\siat\backend\user_uploads/user_folder/operator/3
[2025-08-28 03:17:12] === Sinkronisasi folder selesai ===
[2025-08-28 03:21:55] SKIP folder siswa sudah ada: C:\Dani(titip)\siat\backend\user_uploads/user_folder/siswa/5
[2025-08-28 03:21:55] SKIP folder siswa sudah ada: C:\Dani(titip)\siat\backend\user_uploads/user_folder/siswa/6
[2025-08-28 03:21:55] SKIP folder siswa sudah ada: C:\Dani(titip)\siat\backend\user_uploads/user_folder/siswa/7
[2025-08-28 03:21:55] SKIP folder guru sudah ada: C:\Dani(titip)\siat\backend\user_uploads/user_folder/guru/1
[2025-08-28 03:21:55] SKIP folder guru sudah ada: C:\Dani(titip)\siat\backend\user_uploads/user_folder/guru/2
[2025-08-28 03:21:55] SKIP folder operator sudah ada: C:\Dani(titip)\siat\backend\user_uploads/user_folder/operator/1
[2025-08-28 03:21:55] SKIP folder operator sudah ada: C:\Dani(titip)\siat\backend\user_uploads/user_folder/operator/2
[2025-08-28 03:21:55] SKIP folder operator sudah ada: C:\Dani(titip)\siat\backend\user_uploads/user_folder/operator/3
[2025-08-28 03:21:55] === Sinkronisasi folder selesai ===
[2025-08-28 03:23:36] SKIP folder siswa sudah ada: C:\Dani(titip)\siat\backend\user_uploads/user_folder/siswa/5
[2025-08-28 03:23:36] SKIP folder siswa sudah ada: C:\Dani(titip)\siat\backend\user_uploads/user_folder/siswa/6
[2025-08-28 03:23:36] SKIP folder siswa sudah ada: C:\Dani(titip)\siat\backend\user_uploads/user_folder/siswa/7
[2025-08-28 03:23:36] SKIP folder guru sudah ada: C:\Dani(titip)\siat\backend\user_uploads/user_folder/guru/1
[2025-08-28 03:23:36] SKIP folder guru sudah ada: C:\Dani(titip)\siat\backend\user_uploads/user_folder/guru/2
[2025-08-28 03:23:36] SKIP folder operator sudah ada: C:\Dani(titip)\siat\backend\user_uploads/user_folder/operator/1
[2025-08-28 03:23:36] SKIP folder operator sudah ada: C:\Dani(titip)\siat\backend\user_uploads/user_folder/operator/2
[2025-08-28 03:23:36] SKIP folder operator sudah ada: C:\Dani(titip)\siat\backend\user_uploads/user_folder/operator/3
[2025-08-28 03:23:36] === Sinkronisasi folder selesai ===
[2025-08-28 03:28:18] SKIP folder siswa sudah ada: C:\Dani(titip)\siat\backend\user_uploads/user_folder/siswa/5
[2025-08-28 03:28:18] SKIP folder siswa sudah ada: C:\Dani(titip)\siat\backend\user_uploads/user_folder/siswa/6
[2025-08-28 03:28:18] SKIP folder siswa sudah ada: C:\Dani(titip)\siat\backend\user_uploads/user_folder/siswa/7
[2025-08-28 03:28:18] SKIP folder guru sudah ada: C:\Dani(titip)\siat\backend\user_uploads/user_folder/guru/1
[2025-08-28 03:28:18] SKIP folder guru sudah ada: C:\Dani(titip)\siat\backend\user_uploads/user_folder/guru/2
[2025-08-28 03:28:18] SKIP folder operator sudah ada: C:\Dani(titip)\siat\backend\user_uploads/user_folder/operator/1
[2025-08-28 03:28:18] SKIP folder operator sudah ada: C:\Dani(titip)\siat\backend\user_uploads/user_folder/operator/2
[2025-08-28 03:28:18] SKIP folder operator sudah ada: C:\Dani(titip)\siat\backend\user_uploads/user_folder/operator/3
[2025-08-28 03:28:18] === Sinkronisasi folder selesai ===
[2025-08-28 03:29:01] SKIP folder siswa sudah ada: C:\Dani(titip)\siat\backend\user_uploads/user_folder/siswa/5
[2025-08-28 03:29:01] SKIP folder siswa sudah ada: C:\Dani(titip)\siat\backend\user_uploads/user_folder/siswa/6
[2025-08-28 03:29:01] SKIP folder siswa sudah ada: C:\Dani(titip)\siat\backend\user_uploads/user_folder/siswa/7
[2025-08-28 03:29:01] SKIP folder guru sudah ada: C:\Dani(titip)\siat\backend\user_uploads/user_folder/guru/1
[2025-08-28 03:29:01] SKIP folder guru sudah ada: C:\Dani(titip)\siat\backend\user_uploads/user_folder/guru/2
[2025-08-28 03:29:01] SKIP folder operator sudah ada: C:\Dani(titip)\siat\backend\user_uploads/user_folder/operator/1
[2025-08-28 03:29:01] SKIP folder operator sudah ada: C:\Dani(titip)\siat\backend\user_uploads/user_folder/operator/2
[2025-08-28 03:29:01] SKIP folder operator sudah ada: C:\Dani(titip)\siat\backend\user_uploads/user_folder/operator/3
[2025-08-28 03:29:01] === Sinkronisasi folder selesai ===
